press s 34002274 0 0
press a 34002361 0 0
release s 34002398 0 0
release a 34002453 0 0
press m 34002484 0 0
release m 34002586 0 0
press b 34002697 0 0
release b 34002784 0 0
press i 34002816 0 0
press t 34002876 0 0
release i 34002911 0 0
press c 34002942 0 0
release t 34002972 0 0
release c 34003073 0 0
press h 34003091 0 0
release h 34003176 0 0
press t 34003183 0 0
release t 34003254 0 0
press t 34003319 0 0
release t 34003408 0 0
press r 34003414 0 0
release r 34003494 0 0
press j 34003536 0 0
release j 34003617 0 0
