press s 34004025 0 0
press a 34004137 0 0
release s 34004147 0 0
release a 34004222 0 0
press m 34004264 0 0
release m 34004375 0 0
press b 34004485 0 0
release b 34004580 0 0
press i 34004597 0 0
press t 34004652 0 0
release i 34004693 0 0
release t 34004780 0 0
press c 34004791 0 0
release c 34004911 0 0
press h 34004955 0 0
release h 34005044 0 0
press t 34005044 0 0
release t 34005128 0 0
press t 34005210 0 0
release t 34005287 0 0
press r 34005298 0 0
release r 34005379 0 0
press j 34005404 0 0
release j 34005484 0 0
