press s 2360890 0 0
press a 2361003 0 0
release s 2361029 0 0
release a 2361091 0 0
press m 2361097 0 0
release m 2361198 0 0
press b 2361299 0 0
release b 2361406 0 0
press i 2361451 0 0
release i 2361567 0 0
press t 2361613 0 0
release t 2361708 0 0
press c 2361921 0 0
press h 2361928 0 0
release h 2361990 0 0
release c 2362054 0 0
press t 2362534 0 0
release t 2362652 0 0
press t 2362693 0 0
release t 2362814 0 0
press r 2362834 0 0
release r 2362912 0 0
press j 2362967 0 0
release j 2363048 0 0
