press s 2364224 0 0
press a 2364336 0 0
release s 2364361 0 0
release a 2364423 0 0
press m 2364432 0 0
release m 2364517 0 0
press b 2364630 0 0
release b 2364730 0 0
press i 2364785 0 0
release i 2364893 0 0
press t 2364908 0 0
release t 2365010 0 0
press c 2365186 0 0
release c 2365295 0 0
press h 2365300 0 0
release h 2365382 0 0
press t 2365490 0 0
release t 2365581 0 0
press t 2365644 0 0
release t 2365717 0 0
press r 2365722 0 0
release r 2365822 0 0
press j 2365851 0 0
release j 2365936 0 0
